WARN: system HOMO -0.273059168022736 >= system LUMO -0.37515548962779
WARN: system HOMO 0.496660665645148 >= system LUMO 0.427610376636565
WARN: system HOMO 0.411314651254805 >= system LUMO 0.269056482236619
WARN: system HOMO -0.0124934547261777 >= system LUMO -0.0949237626161836
WARN: system HOMO 0.132170599570522 >= system LUMO -0.00643845529008482
WARN: system HOMO 0.212347663241721 >= system LUMO 0.0191686958146464
WARN: system HOMO 0.157242579316637 >= system LUMO -0.0124731692964331
WARN: system HOMO 0.229117141482118 >= system LUMO 0.000252758086027748
WARN: system HOMO 0.140444070341214 >= system LUMO 0.0150286365353157
WARN: system HOMO 0.225376487399389 >= system LUMO 0.055145328291091
WARN: system HOMO 0.219046614621212 >= system LUMO 0.0362416875982777
WARN: system HOMO 0.264131255586298 >= system LUMO 0.192351790705654
WARN: system HOMO 0.162329474675786 >= system LUMO 0.0286836256921888
WARN: system HOMO 0.150874259597311 >= system LUMO 0.0379182729922404
WARN: system HOMO 0.152491700424931 >= system LUMO 0.0197738947686018
WARN: system HOMO 0.116707689281657 >= system LUMO 0.0050774752314217
WARN: system HOMO 0.16025644018497 >= system LUMO 0.0432336725211143
WARN: system HOMO 0.135762183093967 >= system LUMO 0.0367632105481232
WARN: system HOMO 0.194565868672801 >= system LUMO 0.0546634377627915
WARN: system HOMO 0.165659488045148 >= system LUMO 0.0622198201514355
WARN: system HOMO 0.184939455573973 >= system LUMO 0.0742394591671388
WARN: system HOMO 0.151351065300871 >= system LUMO 0.0618530205745696
WARN: system HOMO 0.151422512607024 >= system LUMO 0.0589675006346556
WARN: system HOMO 0.148286783206825 >= system LUMO 0.0611482374665539
WARN: system HOMO 0.148643117125134 >= system LUMO 0.0627806731871598
WARN: system HOMO 0.148852666134009 >= system LUMO 0.0634182204101515
WARN: system HOMO 0.152303945438734 >= system LUMO 0.0678131450086261
WARN: system HOMO 0.148465848863037 >= system LUMO 0.063538057416335
WARN: system HOMO 0.149934375707858 >= system LUMO 0.0656237857548849
WARN: system HOMO 0.150971329617091 >= system LUMO 0.0668891786622284
WARN: system HOMO 0.15017584243418 >= system LUMO 0.065836334255206
WARN: system HOMO 0.150165337671586 >= system LUMO 0.0657728359325215
WARN: system HOMO 0.150126374241857 >= system LUMO 0.0658022264166514
WARN: system HOMO 0.150130141423909 >= system LUMO 0.065584810598082
WARN: system HOMO 0.161582178283453 >= system LUMO 0.0536198737316524
WARN: system HOMO 0.150168435042928 >= system LUMO 0.0658467298841435
WARN: system HOMO 0.1501579952505 >= system LUMO 0.0658190529868256
WARN: system HOMO 0.150157995188328 >= system LUMO 0.0658190529592754
WARN: HOMO 0.07611849695946928 > LUMO 0.06581905295926606 was found in the canonicalized orbitals.
overwrite output file: hs_bp86.out
